


ARM Macro Assembler    Page 1 


    1 00000000         ;/******************************************************
                       ********************//**
    2 00000000         ; * @file     startup_M051Series.s
    3 00000000         ; * @version  V2.00
    4 00000000         ; * $Revision: 10 $
    5 00000000         ; * $Date: 15/05/15 3:32p $ 
    6 00000000         ; * @brief    M051 Series Startup Source File
    7 00000000         ; *
    8 00000000         ; * @note
    9 00000000         ; * Copyright (C) 2011 Nuvoton Technology Corp. All righ
                       ts reserved.
   10 00000000         ; *
   11 00000000         ; ******************************************************
                       ************************/
   12 00000000                 IF               :LNOT: :DEF: Stack_Size
   14                          ENDIF
   15 00000000         
   16 00000000                 AREA             STACK, NOINIT, READWRITE, ALIGN
=3
   17 00000000         Stack_Mem
                               SPACE            Stack_Size
   18 00000400 20000400 
                       __initial_sp
                               EQU              0X20000400
   19 00000400         
   20 00000400         
   21 00000400         ; <h> Heap Configuration
   22 00000400         ;   <o>  Heap Size (in Bytes) <0x0-0xFFFFFFFF:8>
   23 00000400         ; </h>
   24 00000400                 IF               :LNOT: :DEF: Heap_Size
   26                          ENDIF
   27 00000400                 AREA             HEAP, NOINIT, READWRITE, ALIGN=
3
   28 00000000         __heap_base
   29 00000000         Heap_Mem
                               SPACE            Heap_Size
   30 00000000         __heap_limit
   31 00000000         
   32 00000000         
   33 00000000                 PRESERVE8
   34 00000000                 THUMB
   35 00000000         
   36 00000000         
   37 00000000         ; Vector Table Mapped to Address 0 at Reset
   38 00000000                 AREA             RESET, DATA, READONLY
   39 00000000                 EXPORT           __Vectors
   40 00000000         
   41 00000000 20000400 
                       __Vectors
                               DCD              __initial_sp ; Top of Stack
   42 00000004 00000000        DCD              Reset_Handler ; Reset Handler
   43 00000008 00000000        DCD              NMI_Handler ; NMI Handler
   44 0000000C 00000000        DCD              HardFault_Handler ; Hard Fault 
                                                            Handler
   45 00000010 00000000        DCD              0           ; Reserved
   46 00000014 00000000        DCD              0           ; Reserved
   47 00000018 00000000        DCD              0           ; Reserved
   48 0000001C 00000000        DCD              0           ; Reserved
   49 00000020 00000000        DCD              0           ; Reserved



ARM Macro Assembler    Page 2 


   50 00000024 00000000        DCD              0           ; Reserved
   51 00000028 00000000        DCD              0           ; Reserved
   52 0000002C 00000000        DCD              SVC_Handler ; SVCall Handler
   53 00000030 00000000        DCD              0           ; Reserved
   54 00000034 00000000        DCD              0           ; Reserved
   55 00000038 00000000        DCD              PendSV_Handler ; PendSV Handler
                                                            
   56 0000003C 00000000        DCD              SysTick_Handler 
                                                            ; SysTick Handler
   57 00000040         
   58 00000040         ; External Interrupts
   59 00000040         ; maximum of 32 External Interrupts are possible
   60 00000040 00000000        DCD              BOD_IRQHandler
   61 00000044 00000000        DCD              WDT_IRQHandler
   62 00000048 00000000        DCD              EINT0_IRQHandler
   63 0000004C 00000000        DCD              EINT1_IRQHandler
   64 00000050 00000000        DCD              GPIOP0P1_IRQHandler
   65 00000054 00000000        DCD              GPIOP2P3P4_IRQHandler
   66 00000058 00000000        DCD              PWMA_IRQHandler
   67 0000005C 00000000        DCD              PWMB_IRQHandler
   68 00000060 00000000        DCD              TMR0_IRQHandler
   69 00000064 00000000        DCD              TMR1_IRQHandler
   70 00000068 00000000        DCD              TMR2_IRQHandler
   71 0000006C 00000000        DCD              TMR3_IRQHandler
   72 00000070 00000000        DCD              UART0_IRQHandler
   73 00000074 00000000        DCD              UART1_IRQHandler
   74 00000078 00000000        DCD              SPI0_IRQHandler
   75 0000007C 00000000        DCD              SPI1_IRQHandler
   76 00000080 00000000        DCD              Default_Handler
   77 00000084 00000000        DCD              Default_Handler
   78 00000088 00000000        DCD              I2C0_IRQHandler
   79 0000008C 00000000        DCD              I2C1_IRQHandler
   80 00000090 00000000        DCD              Default_Handler
   81 00000094 00000000        DCD              Default_Handler
   82 00000098 00000000        DCD              Default_Handler
   83 0000009C 00000000        DCD              Default_Handler
   84 000000A0 00000000        DCD              Default_Handler
   85 000000A4 00000000        DCD              ACMP01_IRQHandler
   86 000000A8 00000000        DCD              ACMP23_IRQHandler
   87 000000AC 00000000        DCD              Default_Handler
   88 000000B0 00000000        DCD              PWRWU_IRQHandler
   89 000000B4 00000000        DCD              ADC_IRQHandler
   90 000000B8 00000000        DCD              Default_Handler
   91 000000BC 00000000        DCD              RTC_IRQHandler
   92 000000C0         
   93 000000C0         
   94 000000C0         
   95 000000C0         
   96 000000C0                 IF               :LNOT::DEF:NO_CRP
   97 000000C0                 AREA             |.ARM.__at_0X02FC|, CODE, READO
NLY
   98 00000000 FFFFFFFF 
                       CRP_Key DCD              0XFFFFFFFF
   99 00000004                 ENDIF
  100 00000004         
  101 00000004                 AREA             |.text|, CODE, READONLY
  102 00000000         
  103 00000000         
  104 00000000         



ARM Macro Assembler    Page 3 


  105 00000000         ; Reset Handler 
  106 00000000         
  107 00000000         
  108 00000000         
  109 00000000         Reset_Handler
                               PROC
  110 00000000                 EXPORT           Reset_Handler             [WEAK
]
  111 00000000                 IMPORT           Main
  112 00000000                 ENTRY
  113 00000000 4806            LDR              R0, =Main
  114 00000002 4700            BX               R0
  115 00000004                 ENDP
  116 00000004         
  117 00000004         
  118 00000004         
  119 00000004         
  120 00000004         ; Dummy Exception Handlers (infinite loops which can be 
                       modified)
  121 00000004         
  122 00000004         NMI_Handler
                               PROC
  123 00000004                 EXPORT           NMI_Handler               [WEAK
]
  124 00000004 E7FE            B                .
  125 00000006                 ENDP
  127 00000006         HardFault_Handler
                               PROC
  128 00000006                 EXPORT           HardFault_Handler         [WEAK
]
  129 00000006 E7FE            B                .
  130 00000008                 ENDP
  131 00000008         SVC_Handler
                               PROC
  132 00000008                 EXPORT           SVC_Handler               [WEAK
]
  133 00000008 E7FE            B                .
  134 0000000A                 ENDP
  135 0000000A         PendSV_Handler
                               PROC
  136 0000000A                 EXPORT           PendSV_Handler            [WEAK
]
  137 0000000A E7FE            B                .
  138 0000000C                 ENDP
  139 0000000C         SysTick_Handler
                               PROC
  140 0000000C                 EXPORT           SysTick_Handler           [WEAK
]
  141 0000000C E7FE            B                .
  142 0000000E                 ENDP
  143 0000000E         
  144 0000000E         Default_Handler
                               PROC
  145 0000000E         
  146 0000000E                 EXPORT           BOD_IRQHandler            [WEAK
]
  147 0000000E                 EXPORT           WDT_IRQHandler            [WEAK
]
  148 0000000E                 EXPORT           EINT0_IRQHandler          [WEAK



ARM Macro Assembler    Page 4 


]
  149 0000000E                 EXPORT           EINT1_IRQHandler          [WEAK
]
  150 0000000E                 EXPORT           GPIOP0P1_IRQHandler       [WEAK
]
  151 0000000E                 EXPORT           GPIOP2P3P4_IRQHandler     [WEAK
]
  152 0000000E                 EXPORT           PWMA_IRQHandler           [WEAK
]
  153 0000000E                 EXPORT           PWMB_IRQHandler           [WEAK
]
  154 0000000E                 EXPORT           TMR0_IRQHandler           [WEAK
]
  155 0000000E                 EXPORT           TMR1_IRQHandler           [WEAK
]
  156 0000000E                 EXPORT           TMR2_IRQHandler           [WEAK
]
  157 0000000E                 EXPORT           TMR3_IRQHandler           [WEAK
]
  158 0000000E                 EXPORT           UART0_IRQHandler          [WEAK
]
  159 0000000E                 EXPORT           UART1_IRQHandler          [WEAK
]
  160 0000000E                 EXPORT           SPI0_IRQHandler           [WEAK
]
  161 0000000E                 EXPORT           SPI1_IRQHandler           [WEAK
]
  162 0000000E                 EXPORT           I2C0_IRQHandler           [WEAK
]
  163 0000000E                 EXPORT           I2C1_IRQHandler           [WEAK
]
  164 0000000E                 EXPORT           ACMP01_IRQHandler         [WEAK
]
  165 0000000E                 EXPORT           ACMP23_IRQHandler         [WEAK
]
  166 0000000E                 EXPORT           PWRWU_IRQHandler          [WEAK
]
  167 0000000E                 EXPORT           ADC_IRQHandler            [WEAK
]
  168 0000000E                 EXPORT           RTC_IRQHandler            [WEAK
]
  169 0000000E         
  170 0000000E         BOD_IRQHandler
  171 0000000E         WDT_IRQHandler
  172 0000000E         EINT0_IRQHandler
  173 0000000E         EINT1_IRQHandler
  174 0000000E         GPIOP0P1_IRQHandler
  175 0000000E         GPIOP2P3P4_IRQHandler
  176 0000000E         PWMA_IRQHandler
  177 0000000E         PWMB_IRQHandler
  178 0000000E         TMR0_IRQHandler
  179 0000000E         TMR1_IRQHandler
  180 0000000E         TMR2_IRQHandler
  181 0000000E         TMR3_IRQHandler
  182 0000000E         UART0_IRQHandler
  183 0000000E         UART1_IRQHandler
  184 0000000E         SPI0_IRQHandler
  185 0000000E         SPI1_IRQHandler
  186 0000000E         I2C0_IRQHandler



ARM Macro Assembler    Page 5 


  187 0000000E         I2C1_IRQHandler
  188 0000000E         ACMP01_IRQHandler
  189 0000000E         ACMP23_IRQHandler
  190 0000000E         PWRWU_IRQHandler
  191 0000000E         ADC_IRQHandler
  192 0000000E         RTC_IRQHandler
  193 0000000E E7FE            B                .
  194 00000010                 ENDP
  195 00000010         
  196 00000010         
  197 00000010                 ALIGN
  198 00000010         
  199 00000010         
  200 00000010         ; User Initial Stack & Heap
  201 00000010         
  202 00000010                 IF               :DEF:__MICROLIB
  209 00000010         
  210 00000010                 IMPORT           __use_two_region_memory
  211 00000010                 EXPORT           __user_initial_stackheap
  212 00000010         __user_initial_stackheap
  213 00000010         
  214 00000010 4803            LDR              R0, =  Heap_Mem
  215 00000012 4904            LDR              R1, = (Stack_Mem + Stack_Size)
  216 00000014 4A02            LDR              R2, = (Heap_Mem +  Heap_Size)
  217 00000016 4B04            LDR              R3, = Stack_Mem
  218 00000018 4770            BX               LR
  219 0000001A         
  220 0000001A 00 00           ALIGN
  221 0000001C         
  222 0000001C                 ENDIF
  223 0000001C         
  224 0000001C                 END
              00000000 
              00000000 
              00000400 
              00000000 
Command Line: --debug --xref --diag_suppress=9931 --cpu=Cortex-M0 --apcs=interw
ork --depend=.\objects\startup_m051series.d -o.\objects\startup_m051series.o -I
D:\keil517\ARM\RV31\INC -ID:\keil517\ARM\CMSIS\Include --predefine="__UVISION_V
ERSION SETA 517" --list=.\listings\startup_m051series.lst CMSIS\Src\startup_M05
1Series.s



ARM Macro Assembler    Page 1 Alphabetic symbol ordering
Relocatable symbols

STACK 00000000

Symbol: STACK
   Definitions
      At line 16 in file CMSIS\Src\startup_M051Series.s
   Uses
      None
Comment: STACK unused
Stack_Mem 00000000

Symbol: Stack_Mem
   Definitions
      At line 17 in file CMSIS\Src\startup_M051Series.s
   Uses
      At line 215 in file CMSIS\Src\startup_M051Series.s
      At line 217 in file CMSIS\Src\startup_M051Series.s

2 symbols



ARM Macro Assembler    Page 1 Alphabetic symbol ordering
Relocatable symbols

HEAP 00000000

Symbol: HEAP
   Definitions
      At line 27 in file CMSIS\Src\startup_M051Series.s
   Uses
      None
Comment: HEAP unused
Heap_Mem 00000000

Symbol: Heap_Mem
   Definitions
      At line 29 in file CMSIS\Src\startup_M051Series.s
   Uses
      At line 214 in file CMSIS\Src\startup_M051Series.s
      At line 216 in file CMSIS\Src\startup_M051Series.s

__heap_base 00000000

Symbol: __heap_base
   Definitions
      At line 28 in file CMSIS\Src\startup_M051Series.s
   Uses
      None
Comment: __heap_base unused
__heap_limit 00000000

Symbol: __heap_limit
   Definitions
      At line 30 in file CMSIS\Src\startup_M051Series.s
   Uses
      None
Comment: __heap_limit unused
4 symbols



ARM Macro Assembler    Page 1 Alphabetic symbol ordering
Relocatable symbols

RESET 00000000

Symbol: RESET
   Definitions
      At line 38 in file CMSIS\Src\startup_M051Series.s
   Uses
      None
Comment: RESET unused
__Vectors 00000000

Symbol: __Vectors
   Definitions
      At line 41 in file CMSIS\Src\startup_M051Series.s
   Uses
      At line 39 in file CMSIS\Src\startup_M051Series.s
Comment: __Vectors used once
2 symbols



ARM Macro Assembler    Page 1 Alphabetic symbol ordering
Relocatable symbols

.ARM.__at_0X02FC 00000000

Symbol: .ARM.__at_0X02FC
   Definitions
      At line 97 in file CMSIS\Src\startup_M051Series.s
   Uses
      None
Comment: .ARM.__at_0X02FC unused
CRP_Key 00000000

Symbol: CRP_Key
   Definitions
      At line 98 in file CMSIS\Src\startup_M051Series.s
   Uses
      None
Comment: CRP_Key unused
2 symbols



ARM Macro Assembler    Page 1 Alphabetic symbol ordering
Relocatable symbols

.text 00000000

Symbol: .text
   Definitions
      At line 101 in file CMSIS\Src\startup_M051Series.s
   Uses
      None
Comment: .text unused
ACMP01_IRQHandler 0000000E

Symbol: ACMP01_IRQHandler
   Definitions
      At line 188 in file CMSIS\Src\startup_M051Series.s
   Uses
      At line 85 in file CMSIS\Src\startup_M051Series.s
      At line 164 in file CMSIS\Src\startup_M051Series.s

ACMP23_IRQHandler 0000000E

Symbol: ACMP23_IRQHandler
   Definitions
      At line 189 in file CMSIS\Src\startup_M051Series.s
   Uses
      At line 86 in file CMSIS\Src\startup_M051Series.s
      At line 165 in file CMSIS\Src\startup_M051Series.s

ADC_IRQHandler 0000000E

Symbol: ADC_IRQHandler
   Definitions
      At line 191 in file CMSIS\Src\startup_M051Series.s
   Uses
      At line 89 in file CMSIS\Src\startup_M051Series.s
      At line 167 in file CMSIS\Src\startup_M051Series.s

BOD_IRQHandler 0000000E

Symbol: BOD_IRQHandler
   Definitions
      At line 170 in file CMSIS\Src\startup_M051Series.s
   Uses
      At line 60 in file CMSIS\Src\startup_M051Series.s
      At line 146 in file CMSIS\Src\startup_M051Series.s

Default_Handler 0000000E

Symbol: Default_Handler
   Definitions
      At line 144 in file CMSIS\Src\startup_M051Series.s
   Uses
      At line 76 in file CMSIS\Src\startup_M051Series.s
      At line 77 in file CMSIS\Src\startup_M051Series.s
      At line 80 in file CMSIS\Src\startup_M051Series.s
      At line 81 in file CMSIS\Src\startup_M051Series.s
      At line 82 in file CMSIS\Src\startup_M051Series.s
      At line 83 in file CMSIS\Src\startup_M051Series.s
      At line 84 in file CMSIS\Src\startup_M051Series.s
      At line 87 in file CMSIS\Src\startup_M051Series.s
      At line 90 in file CMSIS\Src\startup_M051Series.s



ARM Macro Assembler    Page 2 Alphabetic symbol ordering
Relocatable symbols


EINT0_IRQHandler 0000000E

Symbol: EINT0_IRQHandler
   Definitions
      At line 172 in file CMSIS\Src\startup_M051Series.s
   Uses
      At line 62 in file CMSIS\Src\startup_M051Series.s
      At line 148 in file CMSIS\Src\startup_M051Series.s

EINT1_IRQHandler 0000000E

Symbol: EINT1_IRQHandler
   Definitions
      At line 173 in file CMSIS\Src\startup_M051Series.s
   Uses
      At line 63 in file CMSIS\Src\startup_M051Series.s
      At line 149 in file CMSIS\Src\startup_M051Series.s

GPIOP0P1_IRQHandler 0000000E

Symbol: GPIOP0P1_IRQHandler
   Definitions
      At line 174 in file CMSIS\Src\startup_M051Series.s
   Uses
      At line 64 in file CMSIS\Src\startup_M051Series.s
      At line 150 in file CMSIS\Src\startup_M051Series.s

GPIOP2P3P4_IRQHandler 0000000E

Symbol: GPIOP2P3P4_IRQHandler
   Definitions
      At line 175 in file CMSIS\Src\startup_M051Series.s
   Uses
      At line 65 in file CMSIS\Src\startup_M051Series.s
      At line 151 in file CMSIS\Src\startup_M051Series.s

HardFault_Handler 00000006

Symbol: HardFault_Handler
   Definitions
      At line 127 in file CMSIS\Src\startup_M051Series.s
   Uses
      At line 44 in file CMSIS\Src\startup_M051Series.s
      At line 128 in file CMSIS\Src\startup_M051Series.s

I2C0_IRQHandler 0000000E

Symbol: I2C0_IRQHandler
   Definitions
      At line 186 in file CMSIS\Src\startup_M051Series.s
   Uses
      At line 78 in file CMSIS\Src\startup_M051Series.s
      At line 162 in file CMSIS\Src\startup_M051Series.s

I2C1_IRQHandler 0000000E

Symbol: I2C1_IRQHandler
   Definitions



ARM Macro Assembler    Page 3 Alphabetic symbol ordering
Relocatable symbols

      At line 187 in file CMSIS\Src\startup_M051Series.s
   Uses
      At line 79 in file CMSIS\Src\startup_M051Series.s
      At line 163 in file CMSIS\Src\startup_M051Series.s

NMI_Handler 00000004

Symbol: NMI_Handler
   Definitions
      At line 122 in file CMSIS\Src\startup_M051Series.s
   Uses
      At line 43 in file CMSIS\Src\startup_M051Series.s
      At line 123 in file CMSIS\Src\startup_M051Series.s

PWMA_IRQHandler 0000000E

Symbol: PWMA_IRQHandler
   Definitions
      At line 176 in file CMSIS\Src\startup_M051Series.s
   Uses
      At line 66 in file CMSIS\Src\startup_M051Series.s
      At line 152 in file CMSIS\Src\startup_M051Series.s

PWMB_IRQHandler 0000000E

Symbol: PWMB_IRQHandler
   Definitions
      At line 177 in file CMSIS\Src\startup_M051Series.s
   Uses
      At line 67 in file CMSIS\Src\startup_M051Series.s
      At line 153 in file CMSIS\Src\startup_M051Series.s

PWRWU_IRQHandler 0000000E

Symbol: PWRWU_IRQHandler
   Definitions
      At line 190 in file CMSIS\Src\startup_M051Series.s
   Uses
      At line 88 in file CMSIS\Src\startup_M051Series.s
      At line 166 in file CMSIS\Src\startup_M051Series.s

PendSV_Handler 0000000A

Symbol: PendSV_Handler
   Definitions
      At line 135 in file CMSIS\Src\startup_M051Series.s
   Uses
      At line 55 in file CMSIS\Src\startup_M051Series.s
      At line 136 in file CMSIS\Src\startup_M051Series.s

RTC_IRQHandler 0000000E

Symbol: RTC_IRQHandler
   Definitions
      At line 192 in file CMSIS\Src\startup_M051Series.s
   Uses
      At line 91 in file CMSIS\Src\startup_M051Series.s
      At line 168 in file CMSIS\Src\startup_M051Series.s




ARM Macro Assembler    Page 4 Alphabetic symbol ordering
Relocatable symbols

Reset_Handler 00000000

Symbol: Reset_Handler
   Definitions
      At line 109 in file CMSIS\Src\startup_M051Series.s
   Uses
      At line 42 in file CMSIS\Src\startup_M051Series.s
      At line 110 in file CMSIS\Src\startup_M051Series.s

SPI0_IRQHandler 0000000E

Symbol: SPI0_IRQHandler
   Definitions
      At line 184 in file CMSIS\Src\startup_M051Series.s
   Uses
      At line 74 in file CMSIS\Src\startup_M051Series.s
      At line 160 in file CMSIS\Src\startup_M051Series.s

SPI1_IRQHandler 0000000E

Symbol: SPI1_IRQHandler
   Definitions
      At line 185 in file CMSIS\Src\startup_M051Series.s
   Uses
      At line 75 in file CMSIS\Src\startup_M051Series.s
      At line 161 in file CMSIS\Src\startup_M051Series.s

SVC_Handler 00000008

Symbol: SVC_Handler
   Definitions
      At line 131 in file CMSIS\Src\startup_M051Series.s
   Uses
      At line 52 in file CMSIS\Src\startup_M051Series.s
      At line 132 in file CMSIS\Src\startup_M051Series.s

SysTick_Handler 0000000C

Symbol: SysTick_Handler
   Definitions
      At line 139 in file CMSIS\Src\startup_M051Series.s
   Uses
      At line 56 in file CMSIS\Src\startup_M051Series.s
      At line 140 in file CMSIS\Src\startup_M051Series.s

TMR0_IRQHandler 0000000E

Symbol: TMR0_IRQHandler
   Definitions
      At line 178 in file CMSIS\Src\startup_M051Series.s
   Uses
      At line 68 in file CMSIS\Src\startup_M051Series.s
      At line 154 in file CMSIS\Src\startup_M051Series.s

TMR1_IRQHandler 0000000E

Symbol: TMR1_IRQHandler
   Definitions
      At line 179 in file CMSIS\Src\startup_M051Series.s



ARM Macro Assembler    Page 5 Alphabetic symbol ordering
Relocatable symbols

   Uses
      At line 69 in file CMSIS\Src\startup_M051Series.s
      At line 155 in file CMSIS\Src\startup_M051Series.s

TMR2_IRQHandler 0000000E

Symbol: TMR2_IRQHandler
   Definitions
      At line 180 in file CMSIS\Src\startup_M051Series.s
   Uses
      At line 70 in file CMSIS\Src\startup_M051Series.s
      At line 156 in file CMSIS\Src\startup_M051Series.s

TMR3_IRQHandler 0000000E

Symbol: TMR3_IRQHandler
   Definitions
      At line 181 in file CMSIS\Src\startup_M051Series.s
   Uses
      At line 71 in file CMSIS\Src\startup_M051Series.s
      At line 157 in file CMSIS\Src\startup_M051Series.s

UART0_IRQHandler 0000000E

Symbol: UART0_IRQHandler
   Definitions
      At line 182 in file CMSIS\Src\startup_M051Series.s
   Uses
      At line 72 in file CMSIS\Src\startup_M051Series.s
      At line 158 in file CMSIS\Src\startup_M051Series.s

UART1_IRQHandler 0000000E

Symbol: UART1_IRQHandler
   Definitions
      At line 183 in file CMSIS\Src\startup_M051Series.s
   Uses
      At line 73 in file CMSIS\Src\startup_M051Series.s
      At line 159 in file CMSIS\Src\startup_M051Series.s

WDT_IRQHandler 0000000E

Symbol: WDT_IRQHandler
   Definitions
      At line 171 in file CMSIS\Src\startup_M051Series.s
   Uses
      At line 61 in file CMSIS\Src\startup_M051Series.s
      At line 147 in file CMSIS\Src\startup_M051Series.s

__user_initial_stackheap 00000010

Symbol: __user_initial_stackheap
   Definitions
      At line 212 in file CMSIS\Src\startup_M051Series.s
   Uses
      At line 211 in file CMSIS\Src\startup_M051Series.s
Comment: __user_initial_stackheap used once
32 symbols



ARM Macro Assembler    Page 1 Alphabetic symbol ordering
Absolute symbols

Heap_Size 00000000

Symbol: Heap_Size
   Definitions
      At line 25 in file CMSIS\Src\startup_M051Series.s
   Uses
      At line 29 in file CMSIS\Src\startup_M051Series.s
      At line 216 in file CMSIS\Src\startup_M051Series.s

Stack_Size 00000400

Symbol: Stack_Size
   Definitions
      At line 13 in file CMSIS\Src\startup_M051Series.s
   Uses
      At line 17 in file CMSIS\Src\startup_M051Series.s
      At line 215 in file CMSIS\Src\startup_M051Series.s

__initial_sp 20000400

Symbol: __initial_sp
   Definitions
      At line 18 in file CMSIS\Src\startup_M051Series.s
   Uses
      At line 41 in file CMSIS\Src\startup_M051Series.s
Comment: __initial_sp used once
3 symbols



ARM Macro Assembler    Page 1 Alphabetic symbol ordering
External symbols

Main 00000000

Symbol: Main
   Definitions
      At line 111 in file CMSIS\Src\startup_M051Series.s
   Uses
      At line 113 in file CMSIS\Src\startup_M051Series.s
Comment: Main used once
__use_two_region_memory 00000000

Symbol: __use_two_region_memory
   Definitions
      At line 210 in file CMSIS\Src\startup_M051Series.s
   Uses
      None
Comment: __use_two_region_memory unused
2 symbols
386 symbols in table
